[AssertionError [ERR_ASSERTION] [ERR_ASSERTION]: Task function must be specified
  at Gulp.set [as _setTask] (/Users/ka/Downloads/2025-11-07 TaskPaper Repo/TaskPaper/BirchOutline/birch-outline.js/node_modules/undertaker/lib/set-task.js:10:3)
  at Gulp.task (/Users/ka/Downloads/2025-11-07 TaskPaper Repo/TaskPaper/BirchOutline/birch-outline.js/node_modules/undertaker/lib/task.js:13:8)
  at Object.<anonymous> (/Users/ka/Downloads/2025-11-07 TaskPaper Repo/TaskPaper/BirchOutline/birch-outline.js/gulpfile.coffee:19:6)
  at Object.<anonymous> (/Users/ka/Downloads/2025-11-07 TaskPaper Repo/TaskPaper/BirchOutline/birch-outline.js/gulpfile.coffee:1:1)
  at Module._compile (node:internal/modules/cjs/loader:1760:14)
  at Object.loadFile (/Users/ka/Downloads/2025-11-07 TaskPaper Repo/TaskPaper/BirchOutline/birch-outline.js/node_modules/coffeescript/lib/coffeescript/register.js:33:19)
  at Module.load (/Users/ka/Downloads/2025-11-07 TaskPaper Repo/TaskPaper/BirchOutline/birch-outline.js/node_modules/coffeescript/lib/coffeescript/register.js:68:36)
  at Module._load (node:internal/modules/cjs/loader:1299:12)
  at TracingChannel.traceSync (node:diagnostics_channel:328:14)
  at wrapModuleLoad (node:internal/modules/cjs/loader:245:24)
  at Module.require (node:internal/modules/cjs/loader:1503:12)
  at require (node:internal/modules/helpers:152:16)
  at requireOrImport (/Users/ka/Downloads/2025-11-07 TaskPaper Repo/TaskPaper/BirchOutline/birch-outline.js/node_modules/gulp-cli/lib/shared/require-or-import.js:20:11)
  at execute (/Users/ka/Downloads/2025-11-07 TaskPaper Repo/TaskPaper/BirchOutline/birch-outline.js/node_modules/gulp-cli/lib/versioned/^5.0.0/index.js:35:3)
  at onExecute (/Users/ka/Downloads/2025-11-07 TaskPaper Repo/TaskPaper/BirchOutline/birch-outline.js/node_modules/gulp-cli/index.js:230:24)
  at Liftoff.<anonymous> (/Users/ka/Downloads/2025-11-07 TaskPaper Repo/TaskPaper/BirchOutline/birch-outline.js/node_modules/gulp-cli/index.js:153:5)
  at Liftoff.execute (/Users/ka/Downloads/2025-11-07 TaskPaper Repo/TaskPaper/BirchOutline/birch-outline.js/node_modules/liftoff/index.js:320:14)
  at module.exports (/Users/ka/Downloads/2025-11-07 TaskPaper Repo/TaskPaper/BirchOutline/birch-outline.js/node_modules/flagged-respawn/index.js:52:3)
  at Liftoff.<anonymous> (/Users/ka/Downloads/2025-11-07 TaskPaper Repo/TaskPaper/BirchOutline/birch-outline.js/node_modules/liftoff/index.js:310:7)
  at /Users/ka/Downloads/2025-11-07 TaskPaper Repo/TaskPaper/BirchOutline/birch-outline.js/node_modules/liftoff/index.js:265:9
  at /Users/ka/Downloads/2025-11-07 TaskPaper Repo/TaskPaper/BirchOutline/birch-outline.js/node_modules/v8flags/index.js:138:14
  at /Users/ka/Downloads/2025-11-07 TaskPaper Repo/TaskPaper/BirchOutline/birch-outline.js/node_modules/v8flags/index.js:47:14
  at /Users/ka/Downloads/2025-11-07 TaskPaper Repo/TaskPaper/BirchOutline/birch-outline.js/node_modules/v8flags/index.js:59:7
  at processTicksAndRejections (node:internal/process/task_queues:84:11)
] {
  generatedMessage: false,
  code: 'ERR_ASSERTION',
  actual: false,
  expected: true,
  operator: '==',
  diff: 'simple'
}
