Command line invocation:
    /Applications/Xcode.app/Contents/Developer/usr/bin/xcodebuild -scheme TaskPaper -configuration Debug clean build

Resolve Package Graph


Resolved source packages:
  Sparkle: https://github.com/sparkle-project/Sparkle @ 2.8.0
  Paddle: https://github.com/PaddleHQ/Mac-Framework-V4 @ 4.4.3
  Setapp: https://github.com/MacPaw/Setapp-framework.git @ 3.4.0

--- xcodebuild: WARNING: Using the first of multiple matching destinations:
{ platform:macOS, arch:arm64, id:00006020-001071491A20C01E, name:My Mac }
{ platform:macOS, arch:x86_64, id:00006020-001071491A20C01E, name:My Mac }
{ platform:macOS, name:Any Mac }
CreateBuildRequest

SendProjectDescription

CreateBuildOperation

** CLEAN SUCCEEDED **

--- xcodebuild: WARNING: Using the first of multiple matching destinations:
{ platform:macOS, arch:arm64, id:00006020-001071491A20C01E, name:My Mac }
{ platform:macOS, arch:x86_64, id:00006020-001071491A20C01E, name:My Mac }
{ platform:macOS, name:Any Mac }
ComputePackagePrebuildTargetDependencyGraph

Prepare packages

CreateBuildRequest

SendProjectDescription

CreateBuildOperation

ComputeTargetDependencyGraph
note: Building targets in dependency order
note: Target dependency graph (4 targets)
    Target 'TaskPaper' in project 'TaskPaper'
        ➜ Explicit dependency on target 'BirchOutline' in project 'BirchOutline'
        ➜ Explicit dependency on target 'Paddle' in project 'Paddle'
        ➜ Explicit dependency on target 'Sparkle' in project 'Sparkle'
    Target 'Sparkle' in project 'Sparkle' (no dependencies)
    Target 'Paddle' in project 'Paddle' (no dependencies)
    Target 'BirchOutline' in project 'BirchOutline' (no dependencies)

GatherProvisioningInputs

CreateBuildDescription

ExecuteExternalTool /Applications/Xcode.app/Contents/Developer/Toolchains/XcodeDefault.xctoolchain/usr/bin/clang -v -E -dM -isysroot /Applications/Xcode.app/Contents/Developer/Platforms/MacOSX.platform/Developer/SDKs/MacOSX26.0.sdk -x c -c /dev/null

ExecuteExternalTool /Applications/Xcode.app/Contents/Developer/Toolchains/XcodeDefault.xctoolchain/usr/bin/clang -v -E -dM -arch arm64 -isysroot /Applications/Xcode.app/Contents/Developer/Platforms/MacOSX.platform/Developer/SDKs/MacOSX26.0.sdk -x c -c /dev/null

ExecuteExternalTool /Applications/Xcode.app/Contents/Developer/usr/bin/ibtool --version --output-format xml1

ExecuteExternalTool /Applications/Xcode.app/Contents/Developer/Toolchains/XcodeDefault.xctoolchain/usr/bin/clang -v -E -dM -arch arm64 -isysroot /Applications/Xcode.app/Contents/Developer/Platforms/MacOSX.platform/Developer/SDKs/MacOSX26.0.sdk -x objective-c -c /dev/null

ExecuteExternalTool /Applications/Xcode.app/Contents/Developer/Toolchains/XcodeDefault.xctoolchain/usr/bin/swiftc --version

ExecuteExternalTool /Applications/Xcode.app/Contents/Developer/usr/bin/actool --version --output-format xml1

ExecuteExternalTool /Applications/Xcode.app/Contents/Developer/Toolchains/XcodeDefault.xctoolchain/usr/bin/ld -version_details

Build description signature: fe5189ec4c089be70329549014f9a4fa
Build description path: /Users/ka/Library/Developer/Xcode/DerivedData/TaskPaper-fkdpctjeinjdwjgtefknnknzfcok/Build/Intermediates.noindex/XCBuildData/fe5189ec4c089be70329549014f9a4fa.xcbuilddata
/Users/ka/Downloads/2025-11-07 TaskPaper Repo/TaskPaper/TaskPaper.xcodeproj: error: No signing certificate "Mac Development" found: No "Mac Development" signing certificate matching team ID "64A5CLJP5W" with a private key was found. (in target 'TaskPaper' from project 'TaskPaper')
note: Run script build phase 'prepublish birch-outline & birch-editor' will be run during every build because the option to run the script phase "Based on dependency analysis" is unchecked. (in target 'TaskPaper' from project 'TaskPaper')
** BUILD FAILED **


The following build commands failed:
	Building project TaskPaper with scheme TaskPaper and configuration Debug
(1 failure)
